<?xml version="1.0" encoding="UTF-8"?>
<testsuite xmlns:xsi="http://www.w3.org/2001/XMLSchema-instance" xsi:noNamespaceSchemaLocation="https://maven.apache.org/surefire/maven-surefire-plugin/xsd/surefire-test-report.xsd" name="com.project.DisasterRecovery.DisasterRecoveryTest" time="13.38" tests="1" errors="0" skipped="0" failures="0">
  <properties>
    <property name="java.specification.version" value="17"/>
    <property name="sun.jnu.encoding" value="UTF-8"/>
    <property name="java.class.path" value="/Users/diepla/Documents/GitHub/DisasterRecovery/target/test-classes:/Users/diepla/Documents/GitHub/DisasterRecovery/target/classes:/Users/diepla/.m2/repository/org/springframework/boot/spring-boot-starter-data-jpa/2.2.1.RELEASE/spring-boot-starter-data-jpa-2.2.1.RELEASE.jar:/Users/diepla/.m2/repository/org/springframework/boot/spring-boot-starter-aop/2.2.1.RELEASE/spring-boot-starter-aop-2.2.1.RELEASE.jar:/Users/diepla/.m2/repository/org/aspectj/aspectjweaver/1.9.4/aspectjweaver-1.9.4.jar:/Users/diepla/.m2/repository/org/springframework/boot/spring-boot-starter-jdbc/2.2.1.RELEASE/spring-boot-starter-jdbc-2.2.1.RELEASE.jar:/Users/diepla/.m2/repository/com/zaxxer/HikariCP/3.4.1/HikariCP-3.4.1.jar:/Users/diepla/.m2/repository/org/springframework/spring-jdbc/5.2.1.RELEASE/spring-jdbc-5.2.1.RELEASE.jar:/Users/diepla/.m2/repository/jakarta/activation/jakarta.activation-api/1.2.1/jakarta.activation-api-1.2.1.jar:/Users/diepla/.m2/repository/jakarta/persistence/jakarta.persistence-api/2.2.3/jakarta.persistence-api-2.2.3.jar:/Users/diepla/.m2/repository/jakarta/transaction/jakarta.transaction-api/1.3.3/jakarta.transaction-api-1.3.3.jar:/Users/diepla/.m2/repository/org/hibernate/hibernate-core/5.4.8.Final/hibernate-core-5.4.8.Final.jar:/Users/diepla/.m2/repository/org/jboss/logging/jboss-logging/3.4.1.Final/jboss-logging-3.4.1.Final.jar:/Users/diepla/.m2/repository/org/javassist/javassist/3.24.0-GA/javassist-3.24.0-GA.jar:/Users/diepla/.m2/repository/net/bytebuddy/byte-buddy/1.10.2/byte-buddy-1.10.2.jar:/Users/diepla/.m2/repository/antlr/antlr/2.7.7/antlr-2.7.7.jar:/Users/diepla/.m2/repository/org/jboss/jandex/2.0.5.Final/jandex-2.0.5.Final.jar:/Users/diepla/.m2/repository/com/fasterxml/classmate/1.5.1/classmate-1.5.1.jar:/Users/diepla/.m2/repository/org/dom4j/dom4j/2.1.1/dom4j-2.1.1.jar:/Users/diepla/.m2/repository/org/hibernate/common/hibernate-commons-annotations/5.1.0.Final/hibernate-commons-annotations-5.1.0.Final.jar:/Users/diepla/.m2/repository/org/glassfish/jaxb/jaxb-runtime/2.3.2/jaxb-runtime-2.3.2.jar:/Users/diepla/.m2/repository/org/glassfish/jaxb/txw2/2.3.2/txw2-2.3.2.jar:/Users/diepla/.m2/repository/com/sun/istack/istack-commons-runtime/3.0.8/istack-commons-runtime-3.0.8.jar:/Users/diepla/.m2/repository/org/jvnet/staxex/stax-ex/1.8.1/stax-ex-1.8.1.jar:/Users/diepla/.m2/repository/com/sun/xml/fastinfoset/FastInfoset/1.2.16/FastInfoset-1.2.16.jar:/Users/diepla/.m2/repository/org/springframework/data/spring-data-jpa/2.2.1.RELEASE/spring-data-jpa-2.2.1.RELEASE.jar:/Users/diepla/.m2/repository/org/springframework/data/spring-data-commons/2.2.1.RELEASE/spring-data-commons-2.2.1.RELEASE.jar:/Users/diepla/.m2/repository/org/springframework/spring-orm/5.2.1.RELEASE/spring-orm-5.2.1.RELEASE.jar:/Users/diepla/.m2/repository/org/springframework/spring-context/5.2.1.RELEASE/spring-context-5.2.1.RELEASE.jar:/Users/diepla/.m2/repository/org/springframework/spring-tx/5.2.1.RELEASE/spring-tx-5.2.1.RELEASE.jar:/Users/diepla/.m2/repository/org/springframework/spring-beans/5.2.1.RELEASE/spring-beans-5.2.1.RELEASE.jar:/Users/diepla/.m2/repository/org/slf4j/slf4j-api/1.7.29/slf4j-api-1.7.29.jar:/Users/diepla/.m2/repository/org/springframework/spring-aspects/5.2.1.RELEASE/spring-aspects-5.2.1.RELEASE.jar:/Users/diepla/.m2/repository/org/springframework/boot/spring-boot-starter-web/2.2.1.RELEASE/spring-boot-starter-web-2.2.1.RELEASE.jar:/Users/diepla/.m2/repository/org/springframework/boot/spring-boot-starter/2.2.1.RELEASE/spring-boot-starter-2.2.1.RELEASE.jar:/Users/diepla/.m2/repository/org/springframework/boot/spring-boot-starter-logging/2.2.1.RELEASE/spring-boot-starter-logging-2.2.1.RELEASE.jar:/Users/diepla/.m2/repository/ch/qos/logback/logback-classic/1.2.3/logback-classic-1.2.3.jar:/Users/diepla/.m2/repository/ch/qos/logback/logback-core/1.2.3/logback-core-1.2.3.jar:/Users/diepla/.m2/repository/org/apache/logging/log4j/log4j-to-slf4j/2.12.1/log4j-to-slf4j-2.12.1.jar:/Users/diepla/.m2/repository/org/apache/logging/log4j/log4j-api/2.12.1/log4j-api-2.12.1.jar:/Users/diepla/.m2/repository/org/slf4j/jul-to-slf4j/1.7.29/jul-to-slf4j-1.7.29.jar:/Users/diepla/.m2/repository/jakarta/annotation/jakarta.annotation-api/1.3.5/jakarta.annotation-api-1.3.5.jar:/Users/diepla/.m2/repository/org/yaml/snakeyaml/1.25/snakeyaml-1.25.jar:/Users/diepla/.m2/repository/org/springframework/boot/spring-boot-starter-json/2.2.1.RELEASE/spring-boot-starter-json-2.2.1.RELEASE.jar:/Users/diepla/.m2/repository/com/fasterxml/jackson/datatype/jackson-datatype-jdk8/2.10.0/jackson-datatype-jdk8-2.10.0.jar:/Users/diepla/.m2/repository/com/fasterxml/jackson/datatype/jackson-datatype-jsr310/2.10.0/jackson-datatype-jsr310-2.10.0.jar:/Users/diepla/.m2/repository/com/fasterxml/jackson/module/jackson-module-parameter-names/2.10.0/jackson-module-parameter-names-2.10.0.jar:/Users/diepla/.m2/repository/org/springframework/boot/spring-boot-starter-tomcat/2.2.1.RELEASE/spring-boot-starter-tomcat-2.2.1.RELEASE.jar:/Users/diepla/.m2/repository/org/apache/tomcat/embed/tomcat-embed-core/9.0.27/tomcat-embed-core-9.0.27.jar:/Users/diepla/.m2/repository/org/apache/tomcat/embed/tomcat-embed-el/9.0.27/tomcat-embed-el-9.0.27.jar:/Users/diepla/.m2/repository/org/apache/tomcat/embed/tomcat-embed-websocket/9.0.27/tomcat-embed-websocket-9.0.27.jar:/Users/diepla/.m2/repository/org/springframework/boot/spring-boot-starter-validation/2.2.1.RELEASE/spring-boot-starter-validation-2.2.1.RELEASE.jar:/Users/diepla/.m2/repository/jakarta/validation/jakarta.validation-api/2.0.1/jakarta.validation-api-2.0.1.jar:/Users/diepla/.m2/repository/org/hibernate/validator/hibernate-validator/6.0.18.Final/hibernate-validator-6.0.18.Final.jar:/Users/diepla/.m2/repository/org/springframework/spring-web/5.2.1.RELEASE/spring-web-5.2.1.RELEASE.jar:/Users/diepla/.m2/repository/org/springframework/spring-webmvc/5.2.1.RELEASE/spring-webmvc-5.2.1.RELEASE.jar:/Users/diepla/.m2/repository/org/springframework/spring-expression/5.2.1.RELEASE/spring-expression-5.2.1.RELEASE.jar:/Users/diepla/.m2/repository/org/springframework/boot/spring-boot-starter-test/2.2.1.RELEASE/spring-boot-starter-test-2.2.1.RELEASE.jar:/Users/diepla/.m2/repository/org/springframework/boot/spring-boot-test/2.2.1.RELEASE/spring-boot-test-2.2.1.RELEASE.jar:/Users/diepla/.m2/repository/org/springframework/boot/spring-boot-test-autoconfigure/2.2.1.RELEASE/spring-boot-test-autoconfigure-2.2.1.RELEASE.jar:/Users/diepla/.m2/repository/com/jayway/jsonpath/json-path/2.4.0/json-path-2.4.0.jar:/Users/diepla/.m2/repository/net/minidev/json-smart/2.3/json-smart-2.3.jar:/Users/diepla/.m2/repository/net/minidev/accessors-smart/1.2/accessors-smart-1.2.jar:/Users/diepla/.m2/repository/org/ow2/asm/asm/5.0.4/asm-5.0.4.jar:/Users/diepla/.m2/repository/org/junit/jupiter/junit-jupiter/5.5.2/junit-jupiter-5.5.2.jar:/Users/diepla/.m2/repository/org/junit/jupiter/junit-jupiter-api/5.5.2/junit-jupiter-api-5.5.2.jar:/Users/diepla/.m2/repository/org/opentest4j/opentest4j/1.2.0/opentest4j-1.2.0.jar:/Users/diepla/.m2/repository/org/junit/platform/junit-platform-commons/1.5.2/junit-platform-commons-1.5.2.jar:/Users/diepla/.m2/repository/org/junit/jupiter/junit-jupiter-params/5.5.2/junit-jupiter-params-5.5.2.jar:/Users/diepla/.m2/repository/org/junit/jupiter/junit-jupiter-engine/5.5.2/junit-jupiter-engine-5.5.2.jar:/Users/diepla/.m2/repository/org/junit/vintage/junit-vintage-engine/5.5.2/junit-vintage-engine-5.5.2.jar:/Users/diepla/.m2/repository/org/apiguardian/apiguardian-api/1.1.0/apiguardian-api-1.1.0.jar:/Users/diepla/.m2/repository/org/junit/platform/junit-platform-engine/1.5.2/junit-platform-engine-1.5.2.jar:/Users/diepla/.m2/repository/junit/junit/4.12/junit-4.12.jar:/Users/diepla/.m2/repository/org/mockito/mockito-junit-jupiter/3.1.0/mockito-junit-jupiter-3.1.0.jar:/Users/diepla/.m2/repository/org/assertj/assertj-core/3.13.2/assertj-core-3.13.2.jar:/Users/diepla/.m2/repository/org/hamcrest/hamcrest/2.1/hamcrest-2.1.jar:/Users/diepla/.m2/repository/org/mockito/mockito-core/3.1.0/mockito-core-3.1.0.jar:/Users/diepla/.m2/repository/net/bytebuddy/byte-buddy-agent/1.10.2/byte-buddy-agent-1.10.2.jar:/Users/diepla/.m2/repository/org/objenesis/objenesis/2.6/objenesis-2.6.jar:/Users/diepla/.m2/repository/org/skyscreamer/jsonassert/1.5.0/jsonassert-1.5.0.jar:/Users/diepla/.m2/repository/com/vaadin/external/google/android-json/0.0.20131108.vaadin1/android-json-0.0.20131108.vaadin1.jar:/Users/diepla/.m2/repository/org/springframework/spring-core/5.2.1.RELEASE/spring-core-5.2.1.RELEASE.jar:/Users/diepla/.m2/repository/org/springframework/spring-jcl/5.2.1.RELEASE/spring-jcl-5.2.1.RELEASE.jar:/Users/diepla/.m2/repository/org/springframework/spring-test/5.2.1.RELEASE/spring-test-5.2.1.RELEASE.jar:/Users/diepla/.m2/repository/org/xmlunit/xmlunit-core/2.6.3/xmlunit-core-2.6.3.jar:/Users/diepla/.m2/repository/org/springframework/boot/spring-boot-starter-webflux/2.2.1.RELEASE/spring-boot-starter-webflux-2.2.1.RELEASE.jar:/Users/diepla/.m2/repository/org/springframework/boot/spring-boot-starter-reactor-netty/2.2.1.RELEASE/spring-boot-starter-reactor-netty-2.2.1.RELEASE.jar:/Users/diepla/.m2/repository/io/projectreactor/netty/reactor-netty/0.9.1.RELEASE/reactor-netty-0.9.1.RELEASE.jar:/Users/diepla/.m2/repository/io/netty/netty-codec-http/4.1.43.Final/netty-codec-http-4.1.43.Final.jar:/Users/diepla/.m2/repository/io/netty/netty-common/4.1.43.Final/netty-common-4.1.43.Final.jar:/Users/diepla/.m2/repository/io/netty/netty-buffer/4.1.43.Final/netty-buffer-4.1.43.Final.jar:/Users/diepla/.m2/repository/io/netty/netty-transport/4.1.43.Final/netty-transport-4.1.43.Final.jar:/Users/diepla/.m2/repository/io/netty/netty-resolver/4.1.43.Final/netty-resolver-4.1.43.Final.jar:/Users/diepla/.m2/repository/io/netty/netty-codec/4.1.43.Final/netty-codec-4.1.43.Final.jar:/Users/diepla/.m2/repository/io/netty/netty-codec-http2/4.1.43.Final/netty-codec-http2-4.1.43.Final.jar:/Users/diepla/.m2/repository/io/netty/netty-handler/4.1.43.Final/netty-handler-4.1.43.Final.jar:/Users/diepla/.m2/repository/io/netty/netty-handler-proxy/4.1.43.Final/netty-handler-proxy-4.1.43.Final.jar:/Users/diepla/.m2/repository/io/netty/netty-codec-socks/4.1.43.Final/netty-codec-socks-4.1.43.Final.jar:/Users/diepla/.m2/repository/io/netty/netty-transport-native-epoll/4.1.43.Final/netty-transport-native-epoll-4.1.43.Final-linux-x86_64.jar:/Users/diepla/.m2/repository/io/netty/netty-transport-native-unix-common/4.1.43.Final/netty-transport-native-unix-common-4.1.43.Final.jar:/Users/diepla/.m2/repository/org/glassfish/jakarta.el/3.0.3/jakarta.el-3.0.3.jar:/Users/diepla/.m2/repository/org/springframework/spring-webflux/5.2.1.RELEASE/spring-webflux-5.2.1.RELEASE.jar:/Users/diepla/.m2/repository/org/synchronoss/cloud/nio-multipart-parser/1.1.0/nio-multipart-parser-1.1.0.jar:/Users/diepla/.m2/repository/org/synchronoss/cloud/nio-stream-storage/1.1.3/nio-stream-storage-1.1.3.jar:/Users/diepla/.m2/repository/mysql/mysql-connector-java/8.0.30/mysql-connector-java-8.0.30.jar:/Users/diepla/.m2/repository/org/springframework/boot/spring-boot-starter-security/2.2.1.RELEASE/spring-boot-starter-security-2.2.1.RELEASE.jar:/Users/diepla/.m2/repository/org/springframework/spring-aop/5.2.1.RELEASE/spring-aop-5.2.1.RELEASE.jar:/Users/diepla/.m2/repository/org/springframework/security/spring-security-config/5.2.1.RELEASE/spring-security-config-5.2.1.RELEASE.jar:/Users/diepla/.m2/repository/org/springframework/security/spring-security-core/5.2.1.RELEASE/spring-security-core-5.2.1.RELEASE.jar:/Users/diepla/.m2/repository/org/springframework/security/spring-security-web/5.2.1.RELEASE/spring-security-web-5.2.1.RELEASE.jar:/Users/diepla/.m2/repository/io/jsonwebtoken/jjwt/0.9.1/jjwt-0.9.1.jar:/Users/diepla/.m2/repository/com/fasterxml/jackson/core/jackson-databind/2.10.0/jackson-databind-2.10.0.jar:/Users/diepla/.m2/repository/com/fasterxml/jackson/core/jackson-annotations/2.10.0/jackson-annotations-2.10.0.jar:/Users/diepla/.m2/repository/com/fasterxml/jackson/core/jackson-core/2.10.0/jackson-core-2.10.0.jar:/Users/diepla/.m2/repository/io/projectreactor/reactor-test/3.3.0.RELEASE/reactor-test-3.3.0.RELEASE.jar:/Users/diepla/.m2/repository/io/projectreactor/reactor-core/3.3.0.RELEASE/reactor-core-3.3.0.RELEASE.jar:/Users/diepla/.m2/repository/org/reactivestreams/reactive-streams/1.0.3/reactive-streams-1.0.3.jar:/Users/diepla/.m2/repository/jakarta/xml/bind/jakarta.xml.bind-api/2.3.2/jakarta.xml.bind-api-2.3.2.jar:/Users/diepla/.m2/repository/org/springframework/boot/spring-boot-devtools/2.2.1.RELEASE/spring-boot-devtools-2.2.1.RELEASE.jar:/Users/diepla/.m2/repository/org/springframework/boot/spring-boot/2.2.1.RELEASE/spring-boot-2.2.1.RELEASE.jar:/Users/diepla/.m2/repository/org/springframework/boot/spring-boot-autoconfigure/2.2.1.RELEASE/spring-boot-autoconfigure-2.2.1.RELEASE.jar:/Users/diepla/.m2/repository/org/projectlombok/lombok/1.18.22/lombok-1.18.22.jar:"/>
    <property name="java.vm.vendor" value="Eclipse Adoptium"/>
    <property name="sun.arch.data.model" value="64"/>
    <property name="java.vendor.url" value="https://adoptium.net/"/>
    <property name="os.name" value="Mac OS X"/>
    <property name="java.vm.specification.version" value="17"/>
    <property name="sun.java.launcher" value="SUN_STANDARD"/>
    <property name="user.country" value="US"/>
    <property name="sun.boot.library.path" value="/Applications/SpringToolSuite4.app/Contents/Eclipse/plugins/org.eclipse.justj.openjdk.hotspot.jre.full.macosx.x86_64_17.0.4.v20220903-1038/jre/lib"/>
    <property name="sun.java.command" value="/Users/diepla/Documents/GitHub/DisasterRecovery/target/surefire/surefirebooter13376366722435018138.jar /Users/diepla/Documents/GitHub/DisasterRecovery/target/surefire 2022-11-04T07-28-00_197-jvmRun1 surefire16826860376175341393tmp surefire_015592631942910943388tmp"/>
    <property name="http.nonProxyHosts" value="local|*.local|169.254/16|*.169.254/16"/>
    <property name="jdk.debug" value="release"/>
    <property name="surefire.test.class.path" value="/Users/diepla/Documents/GitHub/DisasterRecovery/target/test-classes:/Users/diepla/Documents/GitHub/DisasterRecovery/target/classes:/Users/diepla/.m2/repository/org/springframework/boot/spring-boot-starter-data-jpa/2.2.1.RELEASE/spring-boot-starter-data-jpa-2.2.1.RELEASE.jar:/Users/diepla/.m2/repository/org/springframework/boot/spring-boot-starter-aop/2.2.1.RELEASE/spring-boot-starter-aop-2.2.1.RELEASE.jar:/Users/diepla/.m2/repository/org/aspectj/aspectjweaver/1.9.4/aspectjweaver-1.9.4.jar:/Users/diepla/.m2/repository/org/springframework/boot/spring-boot-starter-jdbc/2.2.1.RELEASE/spring-boot-starter-jdbc-2.2.1.RELEASE.jar:/Users/diepla/.m2/repository/com/zaxxer/HikariCP/3.4.1/HikariCP-3.4.1.jar:/Users/diepla/.m2/repository/org/springframework/spring-jdbc/5.2.1.RELEASE/spring-jdbc-5.2.1.RELEASE.jar:/Users/diepla/.m2/repository/jakarta/activation/jakarta.activation-api/1.2.1/jakarta.activation-api-1.2.1.jar:/Users/diepla/.m2/repository/jakarta/persistence/jakarta.persistence-api/2.2.3/jakarta.persistence-api-2.2.3.jar:/Users/diepla/.m2/repository/jakarta/transaction/jakarta.transaction-api/1.3.3/jakarta.transaction-api-1.3.3.jar:/Users/diepla/.m2/repository/org/hibernate/hibernate-core/5.4.8.Final/hibernate-core-5.4.8.Final.jar:/Users/diepla/.m2/repository/org/jboss/logging/jboss-logging/3.4.1.Final/jboss-logging-3.4.1.Final.jar:/Users/diepla/.m2/repository/org/javassist/javassist/3.24.0-GA/javassist-3.24.0-GA.jar:/Users/diepla/.m2/repository/net/bytebuddy/byte-buddy/1.10.2/byte-buddy-1.10.2.jar:/Users/diepla/.m2/repository/antlr/antlr/2.7.7/antlr-2.7.7.jar:/Users/diepla/.m2/repository/org/jboss/jandex/2.0.5.Final/jandex-2.0.5.Final.jar:/Users/diepla/.m2/repository/com/fasterxml/classmate/1.5.1/classmate-1.5.1.jar:/Users/diepla/.m2/repository/org/dom4j/dom4j/2.1.1/dom4j-2.1.1.jar:/Users/diepla/.m2/repository/org/hibernate/common/hibernate-commons-annotations/5.1.0.Final/hibernate-commons-annotations-5.1.0.Final.jar:/Users/diepla/.m2/repository/org/glassfish/jaxb/jaxb-runtime/2.3.2/jaxb-runtime-2.3.2.jar:/Users/diepla/.m2/repository/org/glassfish/jaxb/txw2/2.3.2/txw2-2.3.2.jar:/Users/diepla/.m2/repository/com/sun/istack/istack-commons-runtime/3.0.8/istack-commons-runtime-3.0.8.jar:/Users/diepla/.m2/repository/org/jvnet/staxex/stax-ex/1.8.1/stax-ex-1.8.1.jar:/Users/diepla/.m2/repository/com/sun/xml/fastinfoset/FastInfoset/1.2.16/FastInfoset-1.2.16.jar:/Users/diepla/.m2/repository/org/springframework/data/spring-data-jpa/2.2.1.RELEASE/spring-data-jpa-2.2.1.RELEASE.jar:/Users/diepla/.m2/repository/org/springframework/data/spring-data-commons/2.2.1.RELEASE/spring-data-commons-2.2.1.RELEASE.jar:/Users/diepla/.m2/repository/org/springframework/spring-orm/5.2.1.RELEASE/spring-orm-5.2.1.RELEASE.jar:/Users/diepla/.m2/repository/org/springframework/spring-context/5.2.1.RELEASE/spring-context-5.2.1.RELEASE.jar:/Users/diepla/.m2/repository/org/springframework/spring-tx/5.2.1.RELEASE/spring-tx-5.2.1.RELEASE.jar:/Users/diepla/.m2/repository/org/springframework/spring-beans/5.2.1.RELEASE/spring-beans-5.2.1.RELEASE.jar:/Users/diepla/.m2/repository/org/slf4j/slf4j-api/1.7.29/slf4j-api-1.7.29.jar:/Users/diepla/.m2/repository/org/springframework/spring-aspects/5.2.1.RELEASE/spring-aspects-5.2.1.RELEASE.jar:/Users/diepla/.m2/repository/org/springframework/boot/spring-boot-starter-web/2.2.1.RELEASE/spring-boot-starter-web-2.2.1.RELEASE.jar:/Users/diepla/.m2/repository/org/springframework/boot/spring-boot-starter/2.2.1.RELEASE/spring-boot-starter-2.2.1.RELEASE.jar:/Users/diepla/.m2/repository/org/springframework/boot/spring-boot-starter-logging/2.2.1.RELEASE/spring-boot-starter-logging-2.2.1.RELEASE.jar:/Users/diepla/.m2/repository/ch/qos/logback/logback-classic/1.2.3/logback-classic-1.2.3.jar:/Users/diepla/.m2/repository/ch/qos/logback/logback-core/1.2.3/logback-core-1.2.3.jar:/Users/diepla/.m2/repository/org/apache/logging/log4j/log4j-to-slf4j/2.12.1/log4j-to-slf4j-2.12.1.jar:/Users/diepla/.m2/repository/org/apache/logging/log4j/log4j-api/2.12.1/log4j-api-2.12.1.jar:/Users/diepla/.m2/repository/org/slf4j/jul-to-slf4j/1.7.29/jul-to-slf4j-1.7.29.jar:/Users/diepla/.m2/repository/jakarta/annotation/jakarta.annotation-api/1.3.5/jakarta.annotation-api-1.3.5.jar:/Users/diepla/.m2/repository/org/yaml/snakeyaml/1.25/snakeyaml-1.25.jar:/Users/diepla/.m2/repository/org/springframework/boot/spring-boot-starter-json/2.2.1.RELEASE/spring-boot-starter-json-2.2.1.RELEASE.jar:/Users/diepla/.m2/repository/com/fasterxml/jackson/datatype/jackson-datatype-jdk8/2.10.0/jackson-datatype-jdk8-2.10.0.jar:/Users/diepla/.m2/repository/com/fasterxml/jackson/datatype/jackson-datatype-jsr310/2.10.0/jackson-datatype-jsr310-2.10.0.jar:/Users/diepla/.m2/repository/com/fasterxml/jackson/module/jackson-module-parameter-names/2.10.0/jackson-module-parameter-names-2.10.0.jar:/Users/diepla/.m2/repository/org/springframework/boot/spring-boot-starter-tomcat/2.2.1.RELEASE/spring-boot-starter-tomcat-2.2.1.RELEASE.jar:/Users/diepla/.m2/repository/org/apache/tomcat/embed/tomcat-embed-core/9.0.27/tomcat-embed-core-9.0.27.jar:/Users/diepla/.m2/repository/org/apache/tomcat/embed/tomcat-embed-el/9.0.27/tomcat-embed-el-9.0.27.jar:/Users/diepla/.m2/repository/org/apache/tomcat/embed/tomcat-embed-websocket/9.0.27/tomcat-embed-websocket-9.0.27.jar:/Users/diepla/.m2/repository/org/springframework/boot/spring-boot-starter-validation/2.2.1.RELEASE/spring-boot-starter-validation-2.2.1.RELEASE.jar:/Users/diepla/.m2/repository/jakarta/validation/jakarta.validation-api/2.0.1/jakarta.validation-api-2.0.1.jar:/Users/diepla/.m2/repository/org/hibernate/validator/hibernate-validator/6.0.18.Final/hibernate-validator-6.0.18.Final.jar:/Users/diepla/.m2/repository/org/springframework/spring-web/5.2.1.RELEASE/spring-web-5.2.1.RELEASE.jar:/Users/diepla/.m2/repository/org/springframework/spring-webmvc/5.2.1.RELEASE/spring-webmvc-5.2.1.RELEASE.jar:/Users/diepla/.m2/repository/org/springframework/spring-expression/5.2.1.RELEASE/spring-expression-5.2.1.RELEASE.jar:/Users/diepla/.m2/repository/org/springframework/boot/spring-boot-starter-test/2.2.1.RELEASE/spring-boot-starter-test-2.2.1.RELEASE.jar:/Users/diepla/.m2/repository/org/springframework/boot/spring-boot-test/2.2.1.RELEASE/spring-boot-test-2.2.1.RELEASE.jar:/Users/diepla/.m2/repository/org/springframework/boot/spring-boot-test-autoconfigure/2.2.1.RELEASE/spring-boot-test-autoconfigure-2.2.1.RELEASE.jar:/Users/diepla/.m2/repository/com/jayway/jsonpath/json-path/2.4.0/json-path-2.4.0.jar:/Users/diepla/.m2/repository/net/minidev/json-smart/2.3/json-smart-2.3.jar:/Users/diepla/.m2/repository/net/minidev/accessors-smart/1.2/accessors-smart-1.2.jar:/Users/diepla/.m2/repository/org/ow2/asm/asm/5.0.4/asm-5.0.4.jar:/Users/diepla/.m2/repository/org/junit/jupiter/junit-jupiter/5.5.2/junit-jupiter-5.5.2.jar:/Users/diepla/.m2/repository/org/junit/jupiter/junit-jupiter-api/5.5.2/junit-jupiter-api-5.5.2.jar:/Users/diepla/.m2/repository/org/opentest4j/opentest4j/1.2.0/opentest4j-1.2.0.jar:/Users/diepla/.m2/repository/org/junit/platform/junit-platform-commons/1.5.2/junit-platform-commons-1.5.2.jar:/Users/diepla/.m2/repository/org/junit/jupiter/junit-jupiter-params/5.5.2/junit-jupiter-params-5.5.2.jar:/Users/diepla/.m2/repository/org/junit/jupiter/junit-jupiter-engine/5.5.2/junit-jupiter-engine-5.5.2.jar:/Users/diepla/.m2/repository/org/junit/vintage/junit-vintage-engine/5.5.2/junit-vintage-engine-5.5.2.jar:/Users/diepla/.m2/repository/org/apiguardian/apiguardian-api/1.1.0/apiguardian-api-1.1.0.jar:/Users/diepla/.m2/repository/org/junit/platform/junit-platform-engine/1.5.2/junit-platform-engine-1.5.2.jar:/Users/diepla/.m2/repository/junit/junit/4.12/junit-4.12.jar:/Users/diepla/.m2/repository/org/mockito/mockito-junit-jupiter/3.1.0/mockito-junit-jupiter-3.1.0.jar:/Users/diepla/.m2/repository/org/assertj/assertj-core/3.13.2/assertj-core-3.13.2.jar:/Users/diepla/.m2/repository/org/hamcrest/hamcrest/2.1/hamcrest-2.1.jar:/Users/diepla/.m2/repository/org/mockito/mockito-core/3.1.0/mockito-core-3.1.0.jar:/Users/diepla/.m2/repository/net/bytebuddy/byte-buddy-agent/1.10.2/byte-buddy-agent-1.10.2.jar:/Users/diepla/.m2/repository/org/objenesis/objenesis/2.6/objenesis-2.6.jar:/Users/diepla/.m2/repository/org/skyscreamer/jsonassert/1.5.0/jsonassert-1.5.0.jar:/Users/diepla/.m2/repository/com/vaadin/external/google/android-json/0.0.20131108.vaadin1/android-json-0.0.20131108.vaadin1.jar:/Users/diepla/.m2/repository/org/springframework/spring-core/5.2.1.RELEASE/spring-core-5.2.1.RELEASE.jar:/Users/diepla/.m2/repository/org/springframework/spring-jcl/5.2.1.RELEASE/spring-jcl-5.2.1.RELEASE.jar:/Users/diepla/.m2/repository/org/springframework/spring-test/5.2.1.RELEASE/spring-test-5.2.1.RELEASE.jar:/Users/diepla/.m2/repository/org/xmlunit/xmlunit-core/2.6.3/xmlunit-core-2.6.3.jar:/Users/diepla/.m2/repository/org/springframework/boot/spring-boot-starter-webflux/2.2.1.RELEASE/spring-boot-starter-webflux-2.2.1.RELEASE.jar:/Users/diepla/.m2/repository/org/springframework/boot/spring-boot-starter-reactor-netty/2.2.1.RELEASE/spring-boot-starter-reactor-netty-2.2.1.RELEASE.jar:/Users/diepla/.m2/repository/io/projectreactor/netty/reactor-netty/0.9.1.RELEASE/reactor-netty-0.9.1.RELEASE.jar:/Users/diepla/.m2/repository/io/netty/netty-codec-http/4.1.43.Final/netty-codec-http-4.1.43.Final.jar:/Users/diepla/.m2/repository/io/netty/netty-common/4.1.43.Final/netty-common-4.1.43.Final.jar:/Users/diepla/.m2/repository/io/netty/netty-buffer/4.1.43.Final/netty-buffer-4.1.43.Final.jar:/Users/diepla/.m2/repository/io/netty/netty-transport/4.1.43.Final/netty-transport-4.1.43.Final.jar:/Users/diepla/.m2/repository/io/netty/netty-resolver/4.1.43.Final/netty-resolver-4.1.43.Final.jar:/Users/diepla/.m2/repository/io/netty/netty-codec/4.1.43.Final/netty-codec-4.1.43.Final.jar:/Users/diepla/.m2/repository/io/netty/netty-codec-http2/4.1.43.Final/netty-codec-http2-4.1.43.Final.jar:/Users/diepla/.m2/repository/io/netty/netty-handler/4.1.43.Final/netty-handler-4.1.43.Final.jar:/Users/diepla/.m2/repository/io/netty/netty-handler-proxy/4.1.43.Final/netty-handler-proxy-4.1.43.Final.jar:/Users/diepla/.m2/repository/io/netty/netty-codec-socks/4.1.43.Final/netty-codec-socks-4.1.43.Final.jar:/Users/diepla/.m2/repository/io/netty/netty-transport-native-epoll/4.1.43.Final/netty-transport-native-epoll-4.1.43.Final-linux-x86_64.jar:/Users/diepla/.m2/repository/io/netty/netty-transport-native-unix-common/4.1.43.Final/netty-transport-native-unix-common-4.1.43.Final.jar:/Users/diepla/.m2/repository/org/glassfish/jakarta.el/3.0.3/jakarta.el-3.0.3.jar:/Users/diepla/.m2/repository/org/springframework/spring-webflux/5.2.1.RELEASE/spring-webflux-5.2.1.RELEASE.jar:/Users/diepla/.m2/repository/org/synchronoss/cloud/nio-multipart-parser/1.1.0/nio-multipart-parser-1.1.0.jar:/Users/diepla/.m2/repository/org/synchronoss/cloud/nio-stream-storage/1.1.3/nio-stream-storage-1.1.3.jar:/Users/diepla/.m2/repository/mysql/mysql-connector-java/8.0.30/mysql-connector-java-8.0.30.jar:/Users/diepla/.m2/repository/org/springframework/boot/spring-boot-starter-security/2.2.1.RELEASE/spring-boot-starter-security-2.2.1.RELEASE.jar:/Users/diepla/.m2/repository/org/springframework/spring-aop/5.2.1.RELEASE/spring-aop-5.2.1.RELEASE.jar:/Users/diepla/.m2/repository/org/springframework/security/spring-security-config/5.2.1.RELEASE/spring-security-config-5.2.1.RELEASE.jar:/Users/diepla/.m2/repository/org/springframework/security/spring-security-core/5.2.1.RELEASE/spring-security-core-5.2.1.RELEASE.jar:/Users/diepla/.m2/repository/org/springframework/security/spring-security-web/5.2.1.RELEASE/spring-security-web-5.2.1.RELEASE.jar:/Users/diepla/.m2/repository/io/jsonwebtoken/jjwt/0.9.1/jjwt-0.9.1.jar:/Users/diepla/.m2/repository/com/fasterxml/jackson/core/jackson-databind/2.10.0/jackson-databind-2.10.0.jar:/Users/diepla/.m2/repository/com/fasterxml/jackson/core/jackson-annotations/2.10.0/jackson-annotations-2.10.0.jar:/Users/diepla/.m2/repository/com/fasterxml/jackson/core/jackson-core/2.10.0/jackson-core-2.10.0.jar:/Users/diepla/.m2/repository/io/projectreactor/reactor-test/3.3.0.RELEASE/reactor-test-3.3.0.RELEASE.jar:/Users/diepla/.m2/repository/io/projectreactor/reactor-core/3.3.0.RELEASE/reactor-core-3.3.0.RELEASE.jar:/Users/diepla/.m2/repository/org/reactivestreams/reactive-streams/1.0.3/reactive-streams-1.0.3.jar:/Users/diepla/.m2/repository/jakarta/xml/bind/jakarta.xml.bind-api/2.3.2/jakarta.xml.bind-api-2.3.2.jar:/Users/diepla/.m2/repository/org/springframework/boot/spring-boot-devtools/2.2.1.RELEASE/spring-boot-devtools-2.2.1.RELEASE.jar:/Users/diepla/.m2/repository/org/springframework/boot/spring-boot/2.2.1.RELEASE/spring-boot-2.2.1.RELEASE.jar:/Users/diepla/.m2/repository/org/springframework/boot/spring-boot-autoconfigure/2.2.1.RELEASE/spring-boot-autoconfigure-2.2.1.RELEASE.jar:/Users/diepla/.m2/repository/org/projectlombok/lombok/1.18.22/lombok-1.18.22.jar:"/>
    <property name="sun.cpu.endian" value="little"/>
    <property name="user.home" value="/Users/diepla"/>
    <property name="user.language" value="en"/>
    <property name="java.specification.vendor" value="Oracle Corporation"/>
    <property name="java.version.date" value="2022-08-12"/>
    <property name="java.home" value="/Applications/SpringToolSuite4.app/Contents/Eclipse/plugins/org.eclipse.justj.openjdk.hotspot.jre.full.macosx.x86_64_17.0.4.v20220903-1038/jre"/>
    <property name="file.separator" value="/"/>
    <property name="style.color" value="always"/>
    <property name="basedir" value="/Users/diepla/Documents/GitHub/DisasterRecovery"/>
    <property name="java.vm.compressedOopsMode" value="Zero based"/>
    <property name="line.separator" value="&#10;"/>
    <property name="java.vm.specification.vendor" value="Oracle Corporation"/>
    <property name="java.specification.name" value="Java Platform API Specification"/>
    <property name="surefire.real.class.path" value="/Users/diepla/Documents/GitHub/DisasterRecovery/target/surefire/surefirebooter13376366722435018138.jar"/>
    <property name="sun.management.compiler" value="HotSpot 64-Bit Tiered Compilers"/>
    <property name="ftp.nonProxyHosts" value="local|*.local|169.254/16|*.169.254/16"/>
    <property name="java.runtime.version" value="17.0.4.1+1"/>
    <property name="user.name" value="diepla"/>
    <property name="path.separator" value=":"/>
    <property name="os.version" value="12.1"/>
    <property name="java.runtime.name" value="OpenJDK Runtime Environment"/>
    <property name="file.encoding" value="UTF-8"/>
    <property name="java.vm.name" value="OpenJDK 64-Bit Server VM"/>
    <property name="java.vendor.version" value="Temurin-17.0.4.1+1"/>
    <property name="localRepository" value="/Users/diepla/.m2/repository"/>
    <property name="java.vendor.url.bug" value="https://github.com/adoptium/adoptium-support/issues"/>
    <property name="java.io.tmpdir" value="/var/folders/2w/ld08rck17j93qry6xdwj_d3h0000gn/T/"/>
    <property name="java.version" value="17.0.4.1"/>
    <property name="user.dir" value="/Users/diepla/Documents/GitHub/DisasterRecovery"/>
    <property name="os.arch" value="x86_64"/>
    <property name="java.vm.specification.name" value="Java Virtual Machine Specification"/>
    <property name="native.encoding" value="UTF-8"/>
    <property name="java.library.path" value="/Users/diepla/Library/Java/Extensions:/Library/Java/Extensions:/Network/Library/Java/Extensions:/System/Library/Java/Extensions:/usr/lib/java:."/>
    <property name="java.vm.info" value="mixed mode"/>
    <property name="java.vendor" value="Eclipse Adoptium"/>
    <property name="java.vm.version" value="17.0.4.1+1"/>
    <property name="sun.io.unicode.encoding" value="UnicodeBig"/>
    <property name="socksNonProxyHosts" value="local|*.local|169.254/16|*.169.254/16"/>
    <property name="java.class.version" value="61.0"/>
  </properties>
  <testcase name="test0" classname="com.project.DisasterRecovery.DisasterRecoveryTest" time="0.831"/>
</testsuite>